[ 2025-11-23 17:26:53,901 ] comtypes.client._code_cache - INFO - Could not import comtypes.gen, trying to create it.
[ 2025-11-23 17:26:53,901 ] comtypes.client._code_cache - INFO - Created comtypes.gen directory: 'C:\Users\Admin\Documents\GitHub\Full-Stack-DS-with-GenAI-Bootcamp\Day 13 - Multilingual AI Assistant\.pixi\envs\default\Lib\site-packages\comtypes\gen'
[ 2025-11-23 17:26:53,902 ] comtypes.client._code_cache - INFO - Writing __init__.py file: 'C:\Users\Admin\Documents\GitHub\Full-Stack-DS-with-GenAI-Bootcamp\Day 13 - Multilingual AI Assistant\.pixi\envs\default\Lib\site-packages\comtypes\gen\__init__.py'
[ 2025-11-23 17:26:53,904 ] comtypes.client._code_cache - INFO - Using writeable comtypes cache directory: 'C:\Users\Admin\Documents\GitHub\Full-Stack-DS-with-GenAI-Bootcamp\Day 13 - Multilingual AI Assistant\.pixi\envs\default\Lib\site-packages\comtypes\gen'
[ 2025-11-23 17:26:53,920 ] comtypes.client._generate - INFO - Could not import comtypes.gen._C866CA3A_32F7_11D2_9602_00C04F8EE628_0_5_4: No module named 'comtypes.gen._C866CA3A_32F7_11D2_9602_00C04F8EE628_0_5_4'
[ 2025-11-23 17:26:53,932 ] comtypes.client._generate - INFO - # Generating comtypes.gen._C866CA3A_32F7_11D2_9602_00C04F8EE628_0_5_4
[ 2025-11-23 17:26:54,029 ] comtypes.client._generate - INFO - # Generating comtypes.gen.SpeechLib
[ 2025-11-23 17:26:54,036 ] comtypes.client._generate - INFO - Could not import comtypes.gen._00020430_0000_0000_C000_000000000046_0_2_0: No module named 'comtypes.gen._00020430_0000_0000_C000_000000000046_0_2_0'
[ 2025-11-23 17:26:54,037 ] comtypes.client._generate - INFO - # Generating comtypes.gen._00020430_0000_0000_C000_000000000046_0_2_0
[ 2025-11-23 17:26:54,044 ] comtypes.client._generate - INFO - # Generating comtypes.gen.stdole
[ 2025-11-23 17:27:07,097 ] root - INFO - 
[ 2025-11-23 17:27:55,568 ] comtypes.client._code_cache - INFO - Imported existing <module 'comtypes.gen' from 'C:\\Users\\Admin\\Documents\\GitHub\\Full-Stack-DS-with-GenAI-Bootcamp\\Day 13 - Multilingual AI Assistant\\.pixi\\envs\\default\\Lib\\site-packages\\comtypes\\gen\\__init__.py'>
[ 2025-11-23 17:27:55,568 ] comtypes.client._code_cache - INFO - Using writeable comtypes cache directory: 'C:\Users\Admin\Documents\GitHub\Full-Stack-DS-with-GenAI-Bootcamp\Day 13 - Multilingual AI Assistant\.pixi\envs\default\Lib\site-packages\comtypes\gen'
[ 2025-11-23 17:28:02,645 ] root - INFO - Playing music: deep-abstract-ambient_snowcap-401656.mp3
[ 2025-11-23 17:28:07,463 ] root - INFO - 
[ 2025-11-23 17:38:14,261 ] comtypes.client._code_cache - INFO - Imported existing <module 'comtypes.gen' from 'C:\\Users\\Admin\\Documents\\GitHub\\Full-Stack-DS-with-GenAI-Bootcamp\\Day 13 - Multilingual AI Assistant\\.pixi\\envs\\default\\Lib\\site-packages\\comtypes\\gen\\__init__.py'>
[ 2025-11-23 17:38:14,261 ] comtypes.client._code_cache - INFO - Using writeable comtypes cache directory: 'C:\Users\Admin\Documents\GitHub\Full-Stack-DS-with-GenAI-Bootcamp\Day 13 - Multilingual AI Assistant\.pixi\envs\default\Lib\site-packages\comtypes\gen'
[ 2025-11-23 17:38:21,513 ] root - INFO - User asked for current time.
[ 2025-11-23 17:38:31,757 ] root - INFO - User asked for others question
[ 2025-11-23 17:38:40,176 ] root - INFO - 
[ 2025-11-23 17:38:43,024 ] root - INFO - User asked for others question
[ 2025-11-23 17:38:52,044 ] root - INFO - User asked for others question
[ 2025-11-23 17:39:02,821 ] root - INFO - 
[ 2025-11-23 17:39:04,998 ] root - INFO - User asked for others question
[ 2025-11-23 17:39:10,017 ] root - INFO - 
[ 2025-11-23 17:39:11,586 ] root - INFO - User asked for others question
[ 2025-11-23 17:39:16,511 ] root - INFO - 
[ 2025-11-23 17:39:18,131 ] root - INFO - User asked for others question
[ 2025-11-23 17:39:22,436 ] comtypes.client._code_cache - INFO - Imported existing <module 'comtypes.gen' from 'C:\\Users\\Admin\\Documents\\GitHub\\Full-Stack-DS-with-GenAI-Bootcamp\\Day 13 - Multilingual AI Assistant\\.pixi\\envs\\default\\Lib\\site-packages\\comtypes\\gen\\__init__.py'>
[ 2025-11-23 17:39:22,437 ] comtypes.client._code_cache - INFO - Using writeable comtypes cache directory: 'C:\Users\Admin\Documents\GitHub\Full-Stack-DS-with-GenAI-Bootcamp\Day 13 - Multilingual AI Assistant\.pixi\envs\default\Lib\site-packages\comtypes\gen'
[ 2025-11-23 17:39:31,901 ] root - INFO - User asked for others question
[ 2025-11-23 17:39:36,592 ] root - INFO - 
[ 2025-11-23 17:39:51,639 ] comtypes.client._code_cache - INFO - Imported existing <module 'comtypes.gen' from 'C:\\Users\\Admin\\Documents\\GitHub\\Full-Stack-DS-with-GenAI-Bootcamp\\Day 13 - Multilingual AI Assistant\\.pixi\\envs\\default\\Lib\\site-packages\\comtypes\\gen\\__init__.py'>
[ 2025-11-23 17:39:51,639 ] comtypes.client._code_cache - INFO - Using writeable comtypes cache directory: 'C:\Users\Admin\Documents\GitHub\Full-Stack-DS-with-GenAI-Bootcamp\Day 13 - Multilingual AI Assistant\.pixi\envs\default\Lib\site-packages\comtypes\gen'
[ 2025-11-23 17:40:00,777 ] root - INFO - User asked for others question
[ 2025-11-23 17:40:07,070 ] root - INFO - 
[ 2025-11-23 17:41:38,806 ] comtypes.client._code_cache - INFO - Imported existing <module 'comtypes.gen' from 'C:\\Users\\Admin\\Documents\\GitHub\\Full-Stack-DS-with-GenAI-Bootcamp\\Day 13 - Multilingual AI Assistant\\.pixi\\envs\\default\\Lib\\site-packages\\comtypes\\gen\\__init__.py'>
[ 2025-11-23 17:41:38,806 ] comtypes.client._code_cache - INFO - Using writeable comtypes cache directory: 'C:\Users\Admin\Documents\GitHub\Full-Stack-DS-with-GenAI-Bootcamp\Day 13 - Multilingual AI Assistant\.pixi\envs\default\Lib\site-packages\comtypes\gen'
[ 2025-11-23 17:41:50,111 ] root - INFO - User asked for others question
[ 2025-11-23 17:41:56,100 ] root - INFO - 
[ 2025-11-23 17:41:58,871 ] root - INFO - User asked for others question
[ 2025-11-23 17:42:06,487 ] root - INFO - 
[ 2025-11-23 17:42:08,023 ] root - INFO - User asked for others question
[ 2025-11-23 17:42:22,762 ] comtypes.client._code_cache - INFO - Imported existing <module 'comtypes.gen' from 'C:\\Users\\Admin\\Documents\\GitHub\\Full-Stack-DS-with-GenAI-Bootcamp\\Day 13 - Multilingual AI Assistant\\.pixi\\envs\\default\\Lib\\site-packages\\comtypes\\gen\\__init__.py'>
[ 2025-11-23 17:42:22,763 ] comtypes.client._code_cache - INFO - Using writeable comtypes cache directory: 'C:\Users\Admin\Documents\GitHub\Full-Stack-DS-with-GenAI-Bootcamp\Day 13 - Multilingual AI Assistant\.pixi\envs\default\Lib\site-packages\comtypes\gen'
[ 2025-11-23 17:42:35,507 ] root - INFO - User asked for others question
[ 2025-11-23 17:42:43,995 ] root - INFO - 
[ 2025-11-23 17:42:45,566 ] root - INFO - User asked for others question
